running egg_info
writing ../../build/my_bringup/my_bringup.egg-info/PKG-INFO
writing dependency_links to ../../build/my_bringup/my_bringup.egg-info/dependency_links.txt
writing entry points to ../../build/my_bringup/my_bringup.egg-info/entry_points.txt
writing requirements to ../../build/my_bringup/my_bringup.egg-info/requires.txt
writing top-level names to ../../build/my_bringup/my_bringup.egg-info/top_level.txt
reading manifest file '../../build/my_bringup/my_bringup.egg-info/SOURCES.txt'
writing manifest file '../../build/my_bringup/my_bringup.egg-info/SOURCES.txt'
running build
running build_py
running install
running install_lib
running install_data
creating /ros2_ws/install/my_bringup/share/my_bringup/launch
copying launch/my_demo_launch.py -> /ros2_ws/install/my_bringup/share/my_bringup/launch
running install_egg_info
removing '/ros2_ws/install/my_bringup/lib/python3.8/site-packages/my_bringup-0.0.0-py3.8.egg-info' (and everything under it)
Copying ../../build/my_bringup/my_bringup.egg-info to /ros2_ws/install/my_bringup/lib/python3.8/site-packages/my_bringup-0.0.0-py3.8.egg-info
running install_scripts
writing list of installed files to '/ros2_ws/build/my_bringup/install.log'
