running egg_info
creating ../../build/my_bringup/my_bringup.egg-info
writing ../../build/my_bringup/my_bringup.egg-info/PKG-INFO
writing dependency_links to ../../build/my_bringup/my_bringup.egg-info/dependency_links.txt
writing entry points to ../../build/my_bringup/my_bringup.egg-info/entry_points.txt
writing requirements to ../../build/my_bringup/my_bringup.egg-info/requires.txt
writing top-level names to ../../build/my_bringup/my_bringup.egg-info/top_level.txt
writing manifest file '../../build/my_bringup/my_bringup.egg-info/SOURCES.txt'
reading manifest file '../../build/my_bringup/my_bringup.egg-info/SOURCES.txt'
writing manifest file '../../build/my_bringup/my_bringup.egg-info/SOURCES.txt'
running build
running build_py
creating /ros2_ws/build/my_bringup/build
creating /ros2_ws/build/my_bringup/build/lib
creating /ros2_ws/build/my_bringup/build/lib/my_bringup
copying my_bringup/__init__.py -> /ros2_ws/build/my_bringup/build/lib/my_bringup
running install
running install_lib
creating /ros2_ws/install/my_bringup/lib/python3.8/site-packages/my_bringup
copying /ros2_ws/build/my_bringup/build/lib/my_bringup/__init__.py -> /ros2_ws/install/my_bringup/lib/python3.8/site-packages/my_bringup
byte-compiling /ros2_ws/install/my_bringup/lib/python3.8/site-packages/my_bringup/__init__.py to __init__.cpython-38.pyc
running install_data
creating /ros2_ws/install/my_bringup/share/ament_index
creating /ros2_ws/install/my_bringup/share/ament_index/resource_index
creating /ros2_ws/install/my_bringup/share/ament_index/resource_index/packages
copying resource/my_bringup -> /ros2_ws/install/my_bringup/share/ament_index/resource_index/packages
copying package.xml -> /ros2_ws/install/my_bringup/share/my_bringup
running install_egg_info
Copying ../../build/my_bringup/my_bringup.egg-info to /ros2_ws/install/my_bringup/lib/python3.8/site-packages/my_bringup-0.0.0-py3.8.egg-info
running install_scripts
writing list of installed files to '/ros2_ws/build/my_bringup/install.log'
