[0.351s] Invoking command in '/ros2_ws/src/my_bringup': AMENT_PREFIX_PATH=/ros2_ws/install/my_package:${AMENT_PREFIX_PATH} PYTHONPATH=/ros2_ws/build/my_bringup/prefix_override:/ros2_ws/install/my_bringup/lib/python3.8/site-packages:/ros2_ws/install/my_package/lib/python3.8/site-packages:${PYTHONPATH} /usr/bin/python3 setup.py egg_info --egg-base ../../build/my_bringup build --build-base /ros2_ws/build/my_bringup/build install --record /ros2_ws/build/my_bringup/install.log --install-scripts $base/lib/my_bringup --single-version-externally-managed
[0.464s] running egg_info
[0.464s] creating ../../build/my_bringup/my_bringup.egg-info
[0.464s] writing ../../build/my_bringup/my_bringup.egg-info/PKG-INFO
[0.464s] writing dependency_links to ../../build/my_bringup/my_bringup.egg-info/dependency_links.txt
[0.464s] writing entry points to ../../build/my_bringup/my_bringup.egg-info/entry_points.txt
[0.464s] writing requirements to ../../build/my_bringup/my_bringup.egg-info/requires.txt
[0.464s] writing top-level names to ../../build/my_bringup/my_bringup.egg-info/top_level.txt
[0.465s] writing manifest file '../../build/my_bringup/my_bringup.egg-info/SOURCES.txt'
[0.493s] reading manifest file '../../build/my_bringup/my_bringup.egg-info/SOURCES.txt'
[0.493s] writing manifest file '../../build/my_bringup/my_bringup.egg-info/SOURCES.txt'
[0.494s] running build
[0.494s] running build_py
[0.494s] creating /ros2_ws/build/my_bringup/build
[0.494s] creating /ros2_ws/build/my_bringup/build/lib
[0.494s] creating /ros2_ws/build/my_bringup/build/lib/my_bringup
[0.494s] copying my_bringup/__init__.py -> /ros2_ws/build/my_bringup/build/lib/my_bringup
[0.494s] running install
[0.495s] running install_lib
[0.495s] creating /ros2_ws/install/my_bringup/lib/python3.8/site-packages/my_bringup
[0.495s] copying /ros2_ws/build/my_bringup/build/lib/my_bringup/__init__.py -> /ros2_ws/install/my_bringup/lib/python3.8/site-packages/my_bringup
[0.496s] byte-compiling /ros2_ws/install/my_bringup/lib/python3.8/site-packages/my_bringup/__init__.py to __init__.cpython-38.pyc
[0.497s] running install_data
[0.497s] creating /ros2_ws/install/my_bringup/share/ament_index
[0.497s] creating /ros2_ws/install/my_bringup/share/ament_index/resource_index
[0.497s] creating /ros2_ws/install/my_bringup/share/ament_index/resource_index/packages
[0.497s] copying resource/my_bringup -> /ros2_ws/install/my_bringup/share/ament_index/resource_index/packages
[0.497s] copying package.xml -> /ros2_ws/install/my_bringup/share/my_bringup
[0.497s] running install_egg_info
[0.498s] Copying ../../build/my_bringup/my_bringup.egg-info to /ros2_ws/install/my_bringup/lib/python3.8/site-packages/my_bringup-0.0.0-py3.8.egg-info
[0.499s] running install_scripts
[0.512s] writing list of installed files to '/ros2_ws/build/my_bringup/install.log'
[0.529s] Invoked command in '/ros2_ws/src/my_bringup' returned '0': AMENT_PREFIX_PATH=/ros2_ws/install/my_package:${AMENT_PREFIX_PATH} PYTHONPATH=/ros2_ws/build/my_bringup/prefix_override:/ros2_ws/install/my_bringup/lib/python3.8/site-packages:/ros2_ws/install/my_package/lib/python3.8/site-packages:${PYTHONPATH} /usr/bin/python3 setup.py egg_info --egg-base ../../build/my_bringup build --build-base /ros2_ws/build/my_bringup/build install --record /ros2_ws/build/my_bringup/install.log --install-scripts $base/lib/my_bringup --single-version-externally-managed
