[0.408s] Invoking command in '/ros2_ws/src/my_package': PYTHONPATH=/ros2_ws/build/my_package/prefix_override:/ros2_ws/install/my_package/lib/python3.8/site-packages:${PYTHONPATH} /usr/bin/python3 setup.py egg_info --egg-base ../../build/my_package build --build-base /ros2_ws/build/my_package/build install --record /ros2_ws/build/my_package/install.log --install-scripts $base/lib/my_package --single-version-externally-managed
[0.531s] running egg_info
[0.531s] writing ../../build/my_package/my_package.egg-info/PKG-INFO
[0.531s] writing dependency_links to ../../build/my_package/my_package.egg-info/dependency_links.txt
[0.532s] writing entry points to ../../build/my_package/my_package.egg-info/entry_points.txt
[0.532s] writing requirements to ../../build/my_package/my_package.egg-info/requires.txt
[0.532s] writing top-level names to ../../build/my_package/my_package.egg-info/top_level.txt
[0.560s] reading manifest file '../../build/my_package/my_package.egg-info/SOURCES.txt'
[0.560s] writing manifest file '../../build/my_package/my_package.egg-info/SOURCES.txt'
[0.560s] running build
[0.561s] running build_py
[0.561s] running install
[0.561s] running install_lib
[0.562s] running install_data
[0.563s] running install_egg_info
[0.564s] removing '/ros2_ws/install/my_package/lib/python3.8/site-packages/my_package-0.0.0-py3.8.egg-info' (and everything under it)
[0.564s] Copying ../../build/my_package/my_package.egg-info to /ros2_ws/install/my_package/lib/python3.8/site-packages/my_package-0.0.0-py3.8.egg-info
[0.565s] running install_scripts
[0.577s] Installing my_node script to /ros2_ws/install/my_package/lib/my_package
[0.578s] writing list of installed files to '/ros2_ws/build/my_package/install.log'
[0.593s] Invoked command in '/ros2_ws/src/my_package' returned '0': PYTHONPATH=/ros2_ws/build/my_package/prefix_override:/ros2_ws/install/my_package/lib/python3.8/site-packages:${PYTHONPATH} /usr/bin/python3 setup.py egg_info --egg-base ../../build/my_package build --build-base /ros2_ws/build/my_package/build install --record /ros2_ws/build/my_package/install.log --install-scripts $base/lib/my_package --single-version-externally-managed
