[  3%] Built target my_msgs__cpp
[ 12%] Built target my_msgs__rosidl_generator_c
[ 22%] Built target my_msgs__rosidl_typesupport_introspection_cpp
[ 32%] Built target my_msgs__rosidl_typesupport_introspection_c
[ 51%] Built target my_msgs__rosidl_typesupport_c
[ 51%] Built target my_msgs__rosidl_typesupport_fastrtps_cpp
[ 61%] Built target my_msgs__rosidl_typesupport_cpp
[ 70%] Built target my_msgs__rosidl_typesupport_fastrtps_c
[ 70%] Built target my_msgs
[ 74%] Built target my_msgs__py
[ 80%] Built target my_msgs__python
[100%] Built target my_msgs__rosidl_typesupport_c__pyext
[100%] Built target my_msgs__rosidl_typesupport_introspection_c__pyext
[100%] Built target my_msgs__rosidl_typesupport_fastrtps_c__pyext
-- Install configuration: ""
-- Up-to-date: /ros2_ws/install/my_msgs/share/ament_index/resource_index/rosidl_interfaces/my_msgs
-- Up-to-date: /ros2_ws/install/my_msgs/include/my_msgs
-- Up-to-date: /ros2_ws/install/my_msgs/include/my_msgs/msg
-- Up-to-date: /ros2_ws/install/my_msgs/include/my_msgs/msg/rosidl_generator_c__visibility_control.h
-- Up-to-date: /ros2_ws/install/my_msgs/include/my_msgs/msg/detail
-- Up-to-date: /ros2_ws/install/my_msgs/include/my_msgs/msg/detail/my_message__type_support.h
-- Up-to-date: /ros2_ws/install/my_msgs/include/my_msgs/msg/detail/my_message__functions.h
-- Up-to-date: /ros2_ws/install/my_msgs/include/my_msgs/msg/detail/my_message__functions.c
-- Up-to-date: /ros2_ws/install/my_msgs/include/my_msgs/msg/detail/my_message__struct.h
-- Up-to-date: /ros2_ws/install/my_msgs/include/my_msgs/msg/my_message.h
-- Up-to-date: /ros2_ws/install/my_msgs/share/my_msgs/environment/library_path.sh
-- Up-to-date: /ros2_ws/install/my_msgs/share/my_msgs/environment/library_path.dsv
-- Up-to-date: /ros2_ws/install/my_msgs/lib/libmy_msgs__rosidl_generator_c.so
-- Up-to-date: /ros2_ws/install/my_msgs/include/my_msgs
-- Up-to-date: /ros2_ws/install/my_msgs/include/my_msgs/msg
-- Up-to-date: /ros2_ws/install/my_msgs/include/my_msgs/msg/detail
-- Up-to-date: /ros2_ws/install/my_msgs/include/my_msgs/msg/detail/my_message__rosidl_typesupport_fastrtps_c.h
-- Up-to-date: /ros2_ws/install/my_msgs/include/my_msgs/msg/rosidl_typesupport_fastrtps_c__visibility_control.h
-- Up-to-date: /ros2_ws/install/my_msgs/lib/libmy_msgs__rosidl_typesupport_fastrtps_c.so
-- Up-to-date: /ros2_ws/install/my_msgs/include/my_msgs
-- Up-to-date: /ros2_ws/install/my_msgs/include/my_msgs/msg
-- Up-to-date: /ros2_ws/install/my_msgs/include/my_msgs/msg/detail
-- Up-to-date: /ros2_ws/install/my_msgs/include/my_msgs/msg/detail/dds_fastrtps
-- Up-to-date: /ros2_ws/install/my_msgs/include/my_msgs/msg/detail/my_message__rosidl_typesupport_fastrtps_cpp.hpp
-- Up-to-date: /ros2_ws/install/my_msgs/include/my_msgs/msg/rosidl_typesupport_fastrtps_cpp__visibility_control.h
-- Up-to-date: /ros2_ws/install/my_msgs/lib/libmy_msgs__rosidl_typesupport_fastrtps_cpp.so
-- Up-to-date: /ros2_ws/install/my_msgs/include/my_msgs
-- Up-to-date: /ros2_ws/install/my_msgs/include/my_msgs/msg
-- Up-to-date: /ros2_ws/install/my_msgs/include/my_msgs/msg/detail
-- Up-to-date: /ros2_ws/install/my_msgs/include/my_msgs/msg/detail/my_message__type_support.c
-- Up-to-date: /ros2_ws/install/my_msgs/include/my_msgs/msg/detail/my_message__rosidl_typesupport_introspection_c.h
-- Up-to-date: /ros2_ws/install/my_msgs/include/my_msgs/msg/rosidl_typesupport_introspection_c__visibility_control.h
-- Up-to-date: /ros2_ws/install/my_msgs/lib/libmy_msgs__rosidl_typesupport_introspection_c.so
-- Up-to-date: /ros2_ws/install/my_msgs/lib/libmy_msgs__rosidl_typesupport_c.so
-- Up-to-date: /ros2_ws/install/my_msgs/include/my_msgs
-- Up-to-date: /ros2_ws/install/my_msgs/include/my_msgs/msg
-- Up-to-date: /ros2_ws/install/my_msgs/include/my_msgs/msg/detail
-- Up-to-date: /ros2_ws/install/my_msgs/include/my_msgs/msg/detail/my_message__type_support.hpp
-- Up-to-date: /ros2_ws/install/my_msgs/include/my_msgs/msg/detail/my_message__struct.hpp
-- Up-to-date: /ros2_ws/install/my_msgs/include/my_msgs/msg/detail/my_message__traits.hpp
-- Up-to-date: /ros2_ws/install/my_msgs/include/my_msgs/msg/detail/my_message__builder.hpp
-- Up-to-date: /ros2_ws/install/my_msgs/include/my_msgs/msg/my_message.hpp
-- Up-to-date: /ros2_ws/install/my_msgs/include/my_msgs/msg/rosidl_generator_cpp__visibility_control.hpp
-- Up-to-date: /ros2_ws/install/my_msgs/include/my_msgs
-- Up-to-date: /ros2_ws/install/my_msgs/include/my_msgs/msg
-- Up-to-date: /ros2_ws/install/my_msgs/include/my_msgs/msg/detail
-- Up-to-date: /ros2_ws/install/my_msgs/include/my_msgs/msg/detail/my_message__rosidl_typesupport_introspection_cpp.hpp
-- Up-to-date: /ros2_ws/install/my_msgs/include/my_msgs/msg/detail/my_message__type_support.cpp
-- Up-to-date: /ros2_ws/install/my_msgs/lib/libmy_msgs__rosidl_typesupport_introspection_cpp.so
-- Up-to-date: /ros2_ws/install/my_msgs/lib/libmy_msgs__rosidl_typesupport_cpp.so
-- Up-to-date: /ros2_ws/install/my_msgs/share/my_msgs/environment/pythonpath.sh
-- Up-to-date: /ros2_ws/install/my_msgs/share/my_msgs/environment/pythonpath.dsv
-- Up-to-date: /ros2_ws/install/my_msgs/lib/python3.8/site-packages/my_msgs/__init__.py
-- Up-to-date: /ros2_ws/install/my_msgs/lib/python3.8/site-packages/my_msgs/msg
-- Up-to-date: /ros2_ws/install/my_msgs/lib/python3.8/site-packages/my_msgs/msg/__init__.py
-- Up-to-date: /ros2_ws/install/my_msgs/lib/python3.8/site-packages/my_msgs/msg/_my_message_s.c
-- Up-to-date: /ros2_ws/install/my_msgs/lib/python3.8/site-packages/my_msgs/msg/_my_message.py
-- Up-to-date: /ros2_ws/install/my_msgs/lib/python3.8/site-packages/my_msgs/my_msgs_s__rosidl_typesupport_fastrtps_c.cpython-38-aarch64-linux-gnu.so
-- Up-to-date: /ros2_ws/install/my_msgs/lib/python3.8/site-packages/my_msgs/my_msgs_s__rosidl_typesupport_introspection_c.cpython-38-aarch64-linux-gnu.so
-- Up-to-date: /ros2_ws/install/my_msgs/lib/python3.8/site-packages/my_msgs/my_msgs_s__rosidl_typesupport_c.cpython-38-aarch64-linux-gnu.so
-- Up-to-date: /ros2_ws/install/my_msgs/lib/libmy_msgs__python.so
-- Up-to-date: /ros2_ws/install/my_msgs/share/my_msgs/msg/MyMessage.idl
-- Up-to-date: /ros2_ws/install/my_msgs/share/my_msgs/msgs/MyMessage.msg
-- Up-to-date: /ros2_ws/install/my_msgs/share/ament_index/resource_index/package_run_dependencies/my_msgs
-- Up-to-date: /ros2_ws/install/my_msgs/share/ament_index/resource_index/parent_prefix_path/my_msgs
-- Up-to-date: /ros2_ws/install/my_msgs/share/my_msgs/environment/ament_prefix_path.sh
-- Up-to-date: /ros2_ws/install/my_msgs/share/my_msgs/environment/ament_prefix_path.dsv
-- Up-to-date: /ros2_ws/install/my_msgs/share/my_msgs/environment/path.sh
-- Up-to-date: /ros2_ws/install/my_msgs/share/my_msgs/environment/path.dsv
-- Up-to-date: /ros2_ws/install/my_msgs/share/my_msgs/local_setup.bash
-- Up-to-date: /ros2_ws/install/my_msgs/share/my_msgs/local_setup.sh
-- Up-to-date: /ros2_ws/install/my_msgs/share/my_msgs/local_setup.zsh
-- Up-to-date: /ros2_ws/install/my_msgs/share/my_msgs/local_setup.dsv
-- Installing: /ros2_ws/install/my_msgs/share/my_msgs/package.dsv
-- Up-to-date: /ros2_ws/install/my_msgs/share/ament_index/resource_index/packages/my_msgs
-- Up-to-date: /ros2_ws/install/my_msgs/share/my_msgs/cmake/my_msgs__rosidl_generator_cExport.cmake
-- Up-to-date: /ros2_ws/install/my_msgs/share/my_msgs/cmake/my_msgs__rosidl_generator_cExport-noconfig.cmake
-- Up-to-date: /ros2_ws/install/my_msgs/share/my_msgs/cmake/my_msgs__rosidl_typesupport_introspection_cExport.cmake
-- Up-to-date: /ros2_ws/install/my_msgs/share/my_msgs/cmake/my_msgs__rosidl_typesupport_introspection_cExport-noconfig.cmake
-- Up-to-date: /ros2_ws/install/my_msgs/share/my_msgs/cmake/my_msgs__rosidl_typesupport_cExport.cmake
-- Up-to-date: /ros2_ws/install/my_msgs/share/my_msgs/cmake/my_msgs__rosidl_typesupport_cExport-noconfig.cmake
-- Up-to-date: /ros2_ws/install/my_msgs/share/my_msgs/cmake/my_msgs__rosidl_generator_cppExport.cmake
-- Up-to-date: /ros2_ws/install/my_msgs/share/my_msgs/cmake/my_msgs__rosidl_typesupport_introspection_cppExport.cmake
-- Up-to-date: /ros2_ws/install/my_msgs/share/my_msgs/cmake/my_msgs__rosidl_typesupport_introspection_cppExport-noconfig.cmake
-- Up-to-date: /ros2_ws/install/my_msgs/share/my_msgs/cmake/my_msgs__rosidl_typesupport_cppExport.cmake
-- Up-to-date: /ros2_ws/install/my_msgs/share/my_msgs/cmake/my_msgs__rosidl_typesupport_cppExport-noconfig.cmake
-- Up-to-date: /ros2_ws/install/my_msgs/share/my_msgs/cmake/rosidl_cmake-extras.cmake
-- Up-to-date: /ros2_ws/install/my_msgs/share/my_msgs/cmake/ament_cmake_export_dependencies-extras.cmake
-- Up-to-date: /ros2_ws/install/my_msgs/share/my_msgs/cmake/ament_cmake_export_libraries-extras.cmake
-- Up-to-date: /ros2_ws/install/my_msgs/share/my_msgs/cmake/ament_cmake_export_targets-extras.cmake
-- Up-to-date: /ros2_ws/install/my_msgs/share/my_msgs/cmake/ament_cmake_export_include_directories-extras.cmake
-- Up-to-date: /ros2_ws/install/my_msgs/share/my_msgs/cmake/rosidl_cmake_export_typesupport_libraries-extras.cmake
-- Up-to-date: /ros2_ws/install/my_msgs/share/my_msgs/cmake/rosidl_cmake_export_typesupport_targets-extras.cmake
-- Up-to-date: /ros2_ws/install/my_msgs/share/my_msgs/cmake/my_msgsConfig.cmake
-- Up-to-date: /ros2_ws/install/my_msgs/share/my_msgs/cmake/my_msgsConfig-version.cmake
-- Up-to-date: /ros2_ws/install/my_msgs/share/my_msgs/package.xml
