[0.136s] Invoking command in '/ros2_ws/build/my_msgs': CMAKE_PREFIX_PATH=${CMAKE_PREFIX_PATH}:/ros2_ws/install/my_package:/opt/ros/foxy /usr/bin/cmake --build /ros2_ws/build/my_msgs -- -j8 -l8
[0.178s] [  3%] Built target my_msgs__cpp
[0.178s] [ 12%] Built target my_msgs__rosidl_generator_c
[0.196s] [ 22%] Built target my_msgs__rosidl_typesupport_introspection_cpp
[0.197s] [ 32%] Built target my_msgs__rosidl_typesupport_introspection_c
[0.200s] [ 51%] Built target my_msgs__rosidl_typesupport_c
[0.200s] [ 51%] Built target my_msgs__rosidl_typesupport_fastrtps_cpp
[0.201s] [ 61%] Built target my_msgs__rosidl_typesupport_cpp
[0.219s] [ 70%] Built target my_msgs__rosidl_typesupport_fastrtps_c
[0.233s] [ 70%] Built target my_msgs
[0.248s] [ 74%] Built target my_msgs__py
[0.266s] [ 80%] Built target my_msgs__python
[0.285s] [100%] Built target my_msgs__rosidl_typesupport_c__pyext
[0.285s] [100%] Built target my_msgs__rosidl_typesupport_introspection_c__pyext
[0.285s] [100%] Built target my_msgs__rosidl_typesupport_fastrtps_c__pyext
[0.294s] Invoked command in '/ros2_ws/build/my_msgs' returned '0': CMAKE_PREFIX_PATH=${CMAKE_PREFIX_PATH}:/ros2_ws/install/my_package:/opt/ros/foxy /usr/bin/cmake --build /ros2_ws/build/my_msgs -- -j8 -l8
[0.336s] Invoking command in '/ros2_ws/build/my_msgs': CMAKE_PREFIX_PATH=${CMAKE_PREFIX_PATH}:/ros2_ws/install/my_package:/opt/ros/foxy /usr/bin/cmake --install /ros2_ws/build/my_msgs
[0.343s] -- Install configuration: ""
[0.343s] -- Up-to-date: /ros2_ws/install/my_msgs/share/ament_index/resource_index/rosidl_interfaces/my_msgs
[0.344s] -- Up-to-date: /ros2_ws/install/my_msgs/include/my_msgs
[0.344s] -- Up-to-date: /ros2_ws/install/my_msgs/include/my_msgs/msg
[0.344s] -- Up-to-date: /ros2_ws/install/my_msgs/include/my_msgs/msg/rosidl_generator_c__visibility_control.h
[0.344s] -- Up-to-date: /ros2_ws/install/my_msgs/include/my_msgs/msg/detail
[0.344s] -- Up-to-date: /ros2_ws/install/my_msgs/include/my_msgs/msg/detail/my_message__type_support.h
[0.344s] -- Up-to-date: /ros2_ws/install/my_msgs/include/my_msgs/msg/detail/my_message__functions.h
[0.344s] -- Up-to-date: /ros2_ws/install/my_msgs/include/my_msgs/msg/detail/my_message__functions.c
[0.344s] -- Up-to-date: /ros2_ws/install/my_msgs/include/my_msgs/msg/detail/my_message__struct.h
[0.344s] -- Up-to-date: /ros2_ws/install/my_msgs/include/my_msgs/msg/my_message.h
[0.344s] -- Up-to-date: /ros2_ws/install/my_msgs/share/my_msgs/environment/library_path.sh
[0.344s] -- Up-to-date: /ros2_ws/install/my_msgs/share/my_msgs/environment/library_path.dsv
[0.344s] -- Up-to-date: /ros2_ws/install/my_msgs/lib/libmy_msgs__rosidl_generator_c.so
[0.344s] -- Up-to-date: /ros2_ws/install/my_msgs/include/my_msgs
[0.344s] -- Up-to-date: /ros2_ws/install/my_msgs/include/my_msgs/msg
[0.344s] -- Up-to-date: /ros2_ws/install/my_msgs/include/my_msgs/msg/detail
[0.344s] -- Up-to-date: /ros2_ws/install/my_msgs/include/my_msgs/msg/detail/my_message__rosidl_typesupport_fastrtps_c.h
[0.345s] -- Up-to-date: /ros2_ws/install/my_msgs/include/my_msgs/msg/rosidl_typesupport_fastrtps_c__visibility_control.h
[0.345s] -- Up-to-date: /ros2_ws/install/my_msgs/lib/libmy_msgs__rosidl_typesupport_fastrtps_c.so
[0.345s] -- Up-to-date: /ros2_ws/install/my_msgs/include/my_msgs
[0.345s] -- Up-to-date: /ros2_ws/install/my_msgs/include/my_msgs/msg
[0.345s] -- Up-to-date: /ros2_ws/install/my_msgs/include/my_msgs/msg/detail
[0.345s] -- Up-to-date: /ros2_ws/install/my_msgs/include/my_msgs/msg/detail/dds_fastrtps
[0.345s] -- Up-to-date: /ros2_ws/install/my_msgs/include/my_msgs/msg/detail/my_message__rosidl_typesupport_fastrtps_cpp.hpp
[0.345s] -- Up-to-date: /ros2_ws/install/my_msgs/include/my_msgs/msg/rosidl_typesupport_fastrtps_cpp__visibility_control.h
[0.345s] -- Up-to-date: /ros2_ws/install/my_msgs/lib/libmy_msgs__rosidl_typesupport_fastrtps_cpp.so
[0.345s] -- Up-to-date: /ros2_ws/install/my_msgs/include/my_msgs
[0.345s] -- Up-to-date: /ros2_ws/install/my_msgs/include/my_msgs/msg
[0.345s] -- Up-to-date: /ros2_ws/install/my_msgs/include/my_msgs/msg/detail
[0.345s] -- Up-to-date: /ros2_ws/install/my_msgs/include/my_msgs/msg/detail/my_message__type_support.c
[0.345s] -- Up-to-date: /ros2_ws/install/my_msgs/include/my_msgs/msg/detail/my_message__rosidl_typesupport_introspection_c.h
[0.345s] -- Up-to-date: /ros2_ws/install/my_msgs/include/my_msgs/msg/rosidl_typesupport_introspection_c__visibility_control.h
[0.345s] -- Up-to-date: /ros2_ws/install/my_msgs/lib/libmy_msgs__rosidl_typesupport_introspection_c.so
[0.346s] -- Up-to-date: /ros2_ws/install/my_msgs/lib/libmy_msgs__rosidl_typesupport_c.so
[0.346s] -- Up-to-date: /ros2_ws/install/my_msgs/include/my_msgs
[0.346s] -- Up-to-date: /ros2_ws/install/my_msgs/include/my_msgs/msg
[0.346s] -- Up-to-date: /ros2_ws/install/my_msgs/include/my_msgs/msg/detail
[0.346s] -- Up-to-date: /ros2_ws/install/my_msgs/include/my_msgs/msg/detail/my_message__type_support.hpp
[0.346s] -- Up-to-date: /ros2_ws/install/my_msgs/include/my_msgs/msg/detail/my_message__struct.hpp
[0.346s] -- Up-to-date: /ros2_ws/install/my_msgs/include/my_msgs/msg/detail/my_message__traits.hpp
[0.346s] -- Up-to-date: /ros2_ws/install/my_msgs/include/my_msgs/msg/detail/my_message__builder.hpp
[0.346s] -- Up-to-date: /ros2_ws/install/my_msgs/include/my_msgs/msg/my_message.hpp
[0.346s] -- Up-to-date: /ros2_ws/install/my_msgs/include/my_msgs/msg/rosidl_generator_cpp__visibility_control.hpp
[0.346s] -- Up-to-date: /ros2_ws/install/my_msgs/include/my_msgs
[0.347s] -- Up-to-date: /ros2_ws/install/my_msgs/include/my_msgs/msg
[0.347s] -- Up-to-date: /ros2_ws/install/my_msgs/include/my_msgs/msg/detail
[0.347s] -- Up-to-date: /ros2_ws/install/my_msgs/include/my_msgs/msg/detail/my_message__rosidl_typesupport_introspection_cpp.hpp
[0.347s] -- Up-to-date: /ros2_ws/install/my_msgs/include/my_msgs/msg/detail/my_message__type_support.cpp
[0.347s] -- Up-to-date: /ros2_ws/install/my_msgs/lib/libmy_msgs__rosidl_typesupport_introspection_cpp.so
[0.347s] -- Up-to-date: /ros2_ws/install/my_msgs/lib/libmy_msgs__rosidl_typesupport_cpp.so
[0.347s] -- Up-to-date: /ros2_ws/install/my_msgs/share/my_msgs/environment/pythonpath.sh
[0.347s] -- Up-to-date: /ros2_ws/install/my_msgs/share/my_msgs/environment/pythonpath.dsv
[0.347s] -- Up-to-date: /ros2_ws/install/my_msgs/lib/python3.8/site-packages/my_msgs/__init__.py
[0.373s] -- Up-to-date: /ros2_ws/install/my_msgs/lib/python3.8/site-packages/my_msgs/msg
[0.373s] -- Up-to-date: /ros2_ws/install/my_msgs/lib/python3.8/site-packages/my_msgs/msg/__init__.py
[0.373s] -- Up-to-date: /ros2_ws/install/my_msgs/lib/python3.8/site-packages/my_msgs/msg/_my_message_s.c
[0.373s] -- Up-to-date: /ros2_ws/install/my_msgs/lib/python3.8/site-packages/my_msgs/msg/_my_message.py
[0.373s] -- Up-to-date: /ros2_ws/install/my_msgs/lib/python3.8/site-packages/my_msgs/my_msgs_s__rosidl_typesupport_fastrtps_c.cpython-38-aarch64-linux-gnu.so
[0.374s] -- Up-to-date: /ros2_ws/install/my_msgs/lib/python3.8/site-packages/my_msgs/my_msgs_s__rosidl_typesupport_introspection_c.cpython-38-aarch64-linux-gnu.so
[0.375s] -- Up-to-date: /ros2_ws/install/my_msgs/lib/python3.8/site-packages/my_msgs/my_msgs_s__rosidl_typesupport_c.cpython-38-aarch64-linux-gnu.so
[0.375s] -- Up-to-date: /ros2_ws/install/my_msgs/lib/libmy_msgs__python.so
[0.375s] -- Up-to-date: /ros2_ws/install/my_msgs/share/my_msgs/msg/MyMessage.idl
[0.376s] -- Up-to-date: /ros2_ws/install/my_msgs/share/my_msgs/msgs/MyMessage.msg
[0.376s] -- Up-to-date: /ros2_ws/install/my_msgs/share/ament_index/resource_index/package_run_dependencies/my_msgs
[0.376s] -- Up-to-date: /ros2_ws/install/my_msgs/share/ament_index/resource_index/parent_prefix_path/my_msgs
[0.376s] -- Up-to-date: /ros2_ws/install/my_msgs/share/my_msgs/environment/ament_prefix_path.sh
[0.376s] -- Up-to-date: /ros2_ws/install/my_msgs/share/my_msgs/environment/ament_prefix_path.dsv
[0.376s] -- Up-to-date: /ros2_ws/install/my_msgs/share/my_msgs/environment/path.sh
[0.376s] -- Up-to-date: /ros2_ws/install/my_msgs/share/my_msgs/environment/path.dsv
[0.376s] -- Up-to-date: /ros2_ws/install/my_msgs/share/my_msgs/local_setup.bash
[0.376s] -- Up-to-date: /ros2_ws/install/my_msgs/share/my_msgs/local_setup.sh
[0.376s] -- Up-to-date: /ros2_ws/install/my_msgs/share/my_msgs/local_setup.zsh
[0.376s] -- Up-to-date: /ros2_ws/install/my_msgs/share/my_msgs/local_setup.dsv
[0.376s] -- Installing: /ros2_ws/install/my_msgs/share/my_msgs/package.dsv
[0.377s] -- Up-to-date: /ros2_ws/install/my_msgs/share/ament_index/resource_index/packages/my_msgs
[0.377s] -- Up-to-date: /ros2_ws/install/my_msgs/share/my_msgs/cmake/my_msgs__rosidl_generator_cExport.cmake
[0.377s] -- Up-to-date: /ros2_ws/install/my_msgs/share/my_msgs/cmake/my_msgs__rosidl_generator_cExport-noconfig.cmake
[0.377s] -- Up-to-date: /ros2_ws/install/my_msgs/share/my_msgs/cmake/my_msgs__rosidl_typesupport_introspection_cExport.cmake
[0.377s] -- Up-to-date: /ros2_ws/install/my_msgs/share/my_msgs/cmake/my_msgs__rosidl_typesupport_introspection_cExport-noconfig.cmake
[0.377s] -- Up-to-date: /ros2_ws/install/my_msgs/share/my_msgs/cmake/my_msgs__rosidl_typesupport_cExport.cmake
[0.377s] -- Up-to-date: /ros2_ws/install/my_msgs/share/my_msgs/cmake/my_msgs__rosidl_typesupport_cExport-noconfig.cmake
[0.377s] -- Up-to-date: /ros2_ws/install/my_msgs/share/my_msgs/cmake/my_msgs__rosidl_generator_cppExport.cmake
[0.377s] -- Up-to-date: /ros2_ws/install/my_msgs/share/my_msgs/cmake/my_msgs__rosidl_typesupport_introspection_cppExport.cmake
[0.377s] -- Up-to-date: /ros2_ws/install/my_msgs/share/my_msgs/cmake/my_msgs__rosidl_typesupport_introspection_cppExport-noconfig.cmake
[0.377s] -- Up-to-date: /ros2_ws/install/my_msgs/share/my_msgs/cmake/my_msgs__rosidl_typesupport_cppExport.cmake
[0.377s] -- Up-to-date: /ros2_ws/install/my_msgs/share/my_msgs/cmake/my_msgs__rosidl_typesupport_cppExport-noconfig.cmake
[0.378s] -- Up-to-date: /ros2_ws/install/my_msgs/share/my_msgs/cmake/rosidl_cmake-extras.cmake
[0.378s] -- Up-to-date: /ros2_ws/install/my_msgs/share/my_msgs/cmake/ament_cmake_export_dependencies-extras.cmake
[0.378s] -- Up-to-date: /ros2_ws/install/my_msgs/share/my_msgs/cmake/ament_cmake_export_libraries-extras.cmake
[0.378s] -- Up-to-date: /ros2_ws/install/my_msgs/share/my_msgs/cmake/ament_cmake_export_targets-extras.cmake
[0.378s] -- Up-to-date: /ros2_ws/install/my_msgs/share/my_msgs/cmake/ament_cmake_export_include_directories-extras.cmake
[0.378s] -- Up-to-date: /ros2_ws/install/my_msgs/share/my_msgs/cmake/rosidl_cmake_export_typesupport_libraries-extras.cmake
[0.378s] -- Up-to-date: /ros2_ws/install/my_msgs/share/my_msgs/cmake/rosidl_cmake_export_typesupport_targets-extras.cmake
[0.378s] -- Up-to-date: /ros2_ws/install/my_msgs/share/my_msgs/cmake/my_msgsConfig.cmake
[0.378s] -- Up-to-date: /ros2_ws/install/my_msgs/share/my_msgs/cmake/my_msgsConfig-version.cmake
[0.378s] -- Up-to-date: /ros2_ws/install/my_msgs/share/my_msgs/package.xml
[0.380s] Invoked command in '/ros2_ws/build/my_msgs' returned '0': CMAKE_PREFIX_PATH=${CMAKE_PREFIX_PATH}:/ros2_ws/install/my_package:/opt/ros/foxy /usr/bin/cmake --install /ros2_ws/build/my_msgs
