[0.148s] Invoking command in '/ros2_ws/build/my_msgs': CMAKE_PREFIX_PATH=${CMAKE_PREFIX_PATH}:/opt/ros/foxy /usr/bin/cmake /ros2_ws/src/my_msgs -DCMAKE_INSTALL_PREFIX=/ros2_ws/install/my_msgs
[0.212s] -- The C compiler identification is GNU 9.4.0
[0.273s] -- The CXX compiler identification is GNU 9.4.0
[0.278s] -- Check for working C compiler: /usr/bin/cc
[0.334s] -- Check for working C compiler: /usr/bin/cc -- works
[0.335s] -- Detecting C compiler ABI info
[0.388s] -- Detecting C compiler ABI info - done
[0.400s] -- Detecting C compile features
[0.401s] -- Detecting C compile features - done
[0.403s] -- Check for working CXX compiler: /usr/bin/c++
[0.468s] -- Check for working CXX compiler: /usr/bin/c++ -- works
[0.469s] -- Detecting CXX compiler ABI info
[0.535s] -- Detecting CXX compiler ABI info - done
[0.547s] -- Detecting CXX compile features
[0.548s] -- Detecting CXX compile features - done
[0.550s] -- Found ament_cmake: 0.9.12 (/opt/ros/foxy/share/ament_cmake/cmake)
[0.563s] -- Found PythonInterp: /usr/bin/python3 (found suitable version "3.8.10", minimum required is "3") 
[0.564s] -- Using PYTHON_EXECUTABLE: /usr/bin/python3
[0.674s] -- Found std_msgs: 2.0.5 (/opt/ros/foxy/share/std_msgs/cmake)
[0.694s] -- Using all available rosidl_typesupport_c: rosidl_typesupport_fastrtps_c;rosidl_typesupport_introspection_c
[0.699s] -- Found rosidl_adapter: 1.3.1 (/opt/ros/foxy/share/rosidl_adapter/cmake)
[0.742s] -- Found OpenSSL: /usr/lib/aarch64-linux-gnu/libcrypto.so (found version "1.1.1f")  
[0.758s] -- Found FastRTPS: /opt/ros/foxy/include  
[0.815s] -- Using all available rosidl_typesupport_cpp: rosidl_typesupport_fastrtps_cpp;rosidl_typesupport_introspection_cpp
[0.862s] -- Found rosidl_default_generators: 1.0.1 (/opt/ros/foxy/share/rosidl_default_generators/cmake)
[0.884s] -- Found PythonInterp: /usr/bin/python3 (found version "3.8.10") 
[0.969s] -- Found ament_cmake_ros: 0.9.2 (/opt/ros/foxy/share/ament_cmake_ros/cmake)
[1.028s] -- Using all available rosidl_typesupport_c: rosidl_typesupport_fastrtps_c;rosidl_typesupport_introspection_c
[1.034s] -- Using all available rosidl_typesupport_cpp: rosidl_typesupport_fastrtps_cpp;rosidl_typesupport_introspection_cpp
[1.047s] -- Found PythonInterp: /usr/bin/python3 (found suitable version "3.8.10", minimum required is "3.5") 
[1.048s] -- Found python_cmake_module: 0.8.1 (/opt/ros/foxy/share/python_cmake_module/cmake)
[1.063s] -- Found PythonLibs: /usr/lib/aarch64-linux-gnu/libpython3.8.so (found suitable version "3.8.10", minimum required is "3.5") 
[1.063s] -- Using PYTHON_EXECUTABLE: /usr/bin/python3
[1.063s] -- Using PYTHON_INCLUDE_DIRS: /usr/include/python3.8
[1.063s] -- Using PYTHON_LIBRARIES: /usr/lib/aarch64-linux-gnu/libpython3.8.so
[1.075s] -- Found PythonExtra: .so  
[1.106s] -- Found ament_lint_auto: 0.9.8 (/opt/ros/foxy/share/ament_lint_auto/cmake)
[1.122s] -- Added test 'copyright' to check source files copyright and LICENSE
[1.123s] -- Added test 'lint_cmake' to check CMake code style
[1.124s] -- Added test 'xmllint' to check XML markup files
[1.128s] -- Configuring done
[1.153s] -- Generating done
[1.156s] -- Build files have been written to: /ros2_ws/build/my_msgs
[1.163s] Invoked command in '/ros2_ws/build/my_msgs' returned '0': CMAKE_PREFIX_PATH=${CMAKE_PREFIX_PATH}:/opt/ros/foxy /usr/bin/cmake /ros2_ws/src/my_msgs -DCMAKE_INSTALL_PREFIX=/ros2_ws/install/my_msgs
[1.163s] Invoking command in '/ros2_ws/build/my_msgs': CMAKE_PREFIX_PATH=${CMAKE_PREFIX_PATH}:/opt/ros/foxy /usr/bin/cmake --build /ros2_ws/build/my_msgs -- -j8 -l8
[1.194s] [  3%] [34m[1mGenerating C code for ROS interfaces[0m
[1.194s] [35m[1mScanning dependencies of target my_msgs__cpp[0m
[1.202s] [  6%] [34m[1mGenerating C++ code for ROS interfaces[0m
[1.374s] [  6%] Built target my_msgs__cpp
[1.376s] [35m[1mScanning dependencies of target my_msgs__rosidl_generator_c[0m
[1.382s] [ 16%] [34m[1mGenerating C++ type support dispatch for ROS interfaces[0m
[1.382s] [ 16%] [34m[1mGenerating C++ introspection for ROS interfaces[0m
[1.383s] [ 16%] [34m[1mGenerating C++ type support for eProsima Fast-RTPS[0m
[1.385s] [ 19%] [32mBuilding C object CMakeFiles/my_msgs__rosidl_generator_c.dir/rosidl_generator_c/my_msgs/msg/detail/my_message__functions.c.o[0m
[1.426s] [ 22%] [32m[1mLinking C shared library libmy_msgs__rosidl_generator_c.so[0m
[1.452s] [ 22%] Built target my_msgs__rosidl_generator_c
[1.461s] [ 25%] [34m[1mGenerating C type support dispatch for ROS interfaces[0m
[1.464s] [ 29%] [34m[1mGenerating C introspection for ROS interfaces[0m
[1.544s] [35m[1mScanning dependencies of target my_msgs__rosidl_typesupport_cpp[0m
[1.556s] [ 32%] [32mBuilding CXX object CMakeFiles/my_msgs__rosidl_typesupport_cpp.dir/rosidl_typesupport_cpp/my_msgs/msg/my_message__type_support.cpp.o[0m
[1.569s] [35m[1mScanning dependencies of target my_msgs__rosidl_typesupport_introspection_cpp[0m
[1.574s] [35m[1mScanning dependencies of target my_msgs__rosidl_typesupport_fastrtps_cpp[0m
[1.583s] [ 35%] [32mBuilding CXX object CMakeFiles/my_msgs__rosidl_typesupport_introspection_cpp.dir/rosidl_typesupport_introspection_cpp/my_msgs/msg/detail/my_message__type_support.cpp.o[0m
[1.590s] [ 38%] [32mBuilding CXX object CMakeFiles/my_msgs__rosidl_typesupport_fastrtps_cpp.dir/rosidl_typesupport_fastrtps_cpp/my_msgs/msg/detail/dds_fastrtps/my_message__type_support.cpp.o[0m
[1.636s] [35m[1mScanning dependencies of target my_msgs__rosidl_typesupport_c[0m
[1.651s] [ 41%] [32mBuilding CXX object CMakeFiles/my_msgs__rosidl_typesupport_c.dir/rosidl_typesupport_c/my_msgs/msg/my_message__type_support.cpp.o[0m
[1.667s] [35m[1mScanning dependencies of target my_msgs__rosidl_typesupport_introspection_c[0m
[1.679s] [ 45%] [32mBuilding C object CMakeFiles/my_msgs__rosidl_typesupport_introspection_c.dir/rosidl_typesupport_introspection_c/my_msgs/msg/detail/my_message__type_support.c.o[0m
[1.689s] [ 48%] [32m[1mLinking CXX shared library libmy_msgs__rosidl_typesupport_c.so[0m
[1.717s] [ 51%] [32m[1mLinking C shared library libmy_msgs__rosidl_typesupport_introspection_c.so[0m
[1.735s] [ 51%] Built target my_msgs__rosidl_typesupport_c
[1.750s] [ 51%] Built target my_msgs__rosidl_typesupport_introspection_c
[1.843s] [ 54%] [32m[1mLinking CXX shared library libmy_msgs__rosidl_typesupport_cpp.so[0m
[1.882s] [ 54%] Built target my_msgs__rosidl_typesupport_cpp
[1.909s] [ 58%] [32m[1mLinking CXX shared library libmy_msgs__rosidl_typesupport_introspection_cpp.so[0m
[1.965s] [ 58%] Built target my_msgs__rosidl_typesupport_introspection_cpp
[2.017s] [ 61%] [32m[1mLinking CXX shared library libmy_msgs__rosidl_typesupport_fastrtps_cpp.so[0m
[2.076s] [ 61%] Built target my_msgs__rosidl_typesupport_fastrtps_cpp
[2.083s] [ 64%] [34m[1mGenerating C type support for eProsima Fast-RTPS[0m
[2.248s] [35m[1mScanning dependencies of target my_msgs__rosidl_typesupport_fastrtps_c[0m
[2.261s] [ 67%] [32mBuilding CXX object CMakeFiles/my_msgs__rosidl_typesupport_fastrtps_c.dir/rosidl_typesupport_fastrtps_c/my_msgs/msg/detail/my_message__type_support_c.cpp.o[0m
[2.508s] [ 70%] [32m[1mLinking CXX shared library libmy_msgs__rosidl_typesupport_fastrtps_c.so[0m
[2.566s] [ 70%] Built target my_msgs__rosidl_typesupport_fastrtps_c
[2.572s] [35m[1mScanning dependencies of target my_msgs[0m
[2.579s] [ 70%] Built target my_msgs
[2.586s] [35m[1mScanning dependencies of target my_msgs__py[0m
[2.594s] [ 74%] [34m[1mGenerating Python code for ROS interfaces[0m
[2.895s] [ 74%] Built target my_msgs__py
[2.902s] [35m[1mScanning dependencies of target my_msgs__python[0m
[2.920s] [ 77%] [32mBuilding C object CMakeFiles/my_msgs__python.dir/rosidl_generator_py/my_msgs/msg/_my_message_s.c.o[0m
[2.996s] [ 80%] [32m[1mLinking C shared library rosidl_generator_py/my_msgs/libmy_msgs__python.so[0m
[3.024s] [ 80%] Built target my_msgs__python
[3.031s] [35m[1mScanning dependencies of target my_msgs__rosidl_typesupport_c__pyext[0m
[3.032s] [35m[1mScanning dependencies of target my_msgs__rosidl_typesupport_introspection_c__pyext[0m
[3.032s] [35m[1mScanning dependencies of target my_msgs__rosidl_typesupport_fastrtps_c__pyext[0m
[3.047s] [ 90%] [32mBuilding C object CMakeFiles/my_msgs__rosidl_typesupport_introspection_c__pyext.dir/rosidl_generator_py/my_msgs/_my_msgs_s.ep.rosidl_typesupport_introspection_c.c.o[0m
[3.047s] [ 90%] [32mBuilding C object CMakeFiles/my_msgs__rosidl_typesupport_fastrtps_c__pyext.dir/rosidl_generator_py/my_msgs/_my_msgs_s.ep.rosidl_typesupport_fastrtps_c.c.o[0m
[3.047s] [ 90%] [32mBuilding C object CMakeFiles/my_msgs__rosidl_typesupport_c__pyext.dir/rosidl_generator_py/my_msgs/_my_msgs_s.ep.rosidl_typesupport_c.c.o[0m
[3.108s] [100%] [32m[1mLinking CXX shared library rosidl_generator_py/my_msgs/my_msgs_s__rosidl_typesupport_fastrtps_c.cpython-38-aarch64-linux-gnu.so[0m
[3.109s] [100%] [32m[1mLinking C shared library rosidl_generator_py/my_msgs/my_msgs_s__rosidl_typesupport_introspection_c.cpython-38-aarch64-linux-gnu.so[0m
[3.109s] [100%] [32m[1mLinking C shared library rosidl_generator_py/my_msgs/my_msgs_s__rosidl_typesupport_c.cpython-38-aarch64-linux-gnu.so[0m
[3.134s] [100%] Built target my_msgs__rosidl_typesupport_introspection_c__pyext
[3.134s] [100%] Built target my_msgs__rosidl_typesupport_c__pyext
[3.157s] [100%] Built target my_msgs__rosidl_typesupport_fastrtps_c__pyext
[3.166s] Invoked command in '/ros2_ws/build/my_msgs' returned '0': CMAKE_PREFIX_PATH=${CMAKE_PREFIX_PATH}:/opt/ros/foxy /usr/bin/cmake --build /ros2_ws/build/my_msgs -- -j8 -l8
[3.206s] Invoking command in '/ros2_ws/build/my_msgs': CMAKE_PREFIX_PATH=${CMAKE_PREFIX_PATH}:/opt/ros/foxy /usr/bin/cmake --install /ros2_ws/build/my_msgs
[3.212s] -- Install configuration: ""
[3.212s] -- Installing: /ros2_ws/install/my_msgs/share/ament_index/resource_index/rosidl_interfaces/my_msgs
[3.212s] -- Installing: /ros2_ws/install/my_msgs/include/my_msgs
[3.213s] -- Installing: /ros2_ws/install/my_msgs/include/my_msgs/msg
[3.213s] -- Installing: /ros2_ws/install/my_msgs/include/my_msgs/msg/rosidl_generator_c__visibility_control.h
[3.213s] -- Installing: /ros2_ws/install/my_msgs/include/my_msgs/msg/detail
[3.213s] -- Installing: /ros2_ws/install/my_msgs/include/my_msgs/msg/detail/my_message__type_support.h
[3.213s] -- Installing: /ros2_ws/install/my_msgs/include/my_msgs/msg/detail/my_message__functions.h
[3.213s] -- Installing: /ros2_ws/install/my_msgs/include/my_msgs/msg/detail/my_message__functions.c
[3.213s] -- Installing: /ros2_ws/install/my_msgs/include/my_msgs/msg/detail/my_message__struct.h
[3.213s] -- Installing: /ros2_ws/install/my_msgs/include/my_msgs/msg/my_message.h
[3.213s] -- Installing: /ros2_ws/install/my_msgs/share/my_msgs/environment/library_path.sh
[3.213s] -- Installing: /ros2_ws/install/my_msgs/share/my_msgs/environment/library_path.dsv
[3.213s] -- Installing: /ros2_ws/install/my_msgs/lib/libmy_msgs__rosidl_generator_c.so
[3.214s] -- Set runtime path of "/ros2_ws/install/my_msgs/lib/libmy_msgs__rosidl_generator_c.so" to ""
[3.214s] -- Up-to-date: /ros2_ws/install/my_msgs/include/my_msgs
[3.214s] -- Up-to-date: /ros2_ws/install/my_msgs/include/my_msgs/msg
[3.214s] -- Up-to-date: /ros2_ws/install/my_msgs/include/my_msgs/msg/detail
[3.214s] -- Installing: /ros2_ws/install/my_msgs/include/my_msgs/msg/detail/my_message__rosidl_typesupport_fastrtps_c.h
[3.214s] -- Installing: /ros2_ws/install/my_msgs/include/my_msgs/msg/rosidl_typesupport_fastrtps_c__visibility_control.h
[3.214s] -- Installing: /ros2_ws/install/my_msgs/lib/libmy_msgs__rosidl_typesupport_fastrtps_c.so
[3.214s] -- Set runtime path of "/ros2_ws/install/my_msgs/lib/libmy_msgs__rosidl_typesupport_fastrtps_c.so" to ""
[3.215s] -- Up-to-date: /ros2_ws/install/my_msgs/include/my_msgs
[3.215s] -- Up-to-date: /ros2_ws/install/my_msgs/include/my_msgs/msg
[3.215s] -- Up-to-date: /ros2_ws/install/my_msgs/include/my_msgs/msg/detail
[3.215s] -- Installing: /ros2_ws/install/my_msgs/include/my_msgs/msg/detail/dds_fastrtps
[3.215s] -- Installing: /ros2_ws/install/my_msgs/include/my_msgs/msg/detail/my_message__rosidl_typesupport_fastrtps_cpp.hpp
[3.215s] -- Installing: /ros2_ws/install/my_msgs/include/my_msgs/msg/rosidl_typesupport_fastrtps_cpp__visibility_control.h
[3.215s] -- Installing: /ros2_ws/install/my_msgs/lib/libmy_msgs__rosidl_typesupport_fastrtps_cpp.so
[3.215s] -- Set runtime path of "/ros2_ws/install/my_msgs/lib/libmy_msgs__rosidl_typesupport_fastrtps_cpp.so" to ""
[3.215s] -- Up-to-date: /ros2_ws/install/my_msgs/include/my_msgs
[3.215s] -- Up-to-date: /ros2_ws/install/my_msgs/include/my_msgs/msg
[3.215s] -- Up-to-date: /ros2_ws/install/my_msgs/include/my_msgs/msg/detail
[3.216s] -- Installing: /ros2_ws/install/my_msgs/include/my_msgs/msg/detail/my_message__type_support.c
[3.216s] -- Installing: /ros2_ws/install/my_msgs/include/my_msgs/msg/detail/my_message__rosidl_typesupport_introspection_c.h
[3.216s] -- Installing: /ros2_ws/install/my_msgs/include/my_msgs/msg/rosidl_typesupport_introspection_c__visibility_control.h
[3.216s] -- Installing: /ros2_ws/install/my_msgs/lib/libmy_msgs__rosidl_typesupport_introspection_c.so
[3.216s] -- Set runtime path of "/ros2_ws/install/my_msgs/lib/libmy_msgs__rosidl_typesupport_introspection_c.so" to ""
[3.216s] -- Installing: /ros2_ws/install/my_msgs/lib/libmy_msgs__rosidl_typesupport_c.so
[3.216s] -- Set runtime path of "/ros2_ws/install/my_msgs/lib/libmy_msgs__rosidl_typesupport_c.so" to ""
[3.216s] -- Up-to-date: /ros2_ws/install/my_msgs/include/my_msgs
[3.216s] -- Up-to-date: /ros2_ws/install/my_msgs/include/my_msgs/msg
[3.217s] -- Up-to-date: /ros2_ws/install/my_msgs/include/my_msgs/msg/detail
[3.217s] -- Installing: /ros2_ws/install/my_msgs/include/my_msgs/msg/detail/my_message__type_support.hpp
[3.217s] -- Installing: /ros2_ws/install/my_msgs/include/my_msgs/msg/detail/my_message__struct.hpp
[3.217s] -- Installing: /ros2_ws/install/my_msgs/include/my_msgs/msg/detail/my_message__traits.hpp
[3.217s] -- Installing: /ros2_ws/install/my_msgs/include/my_msgs/msg/detail/my_message__builder.hpp
[3.217s] -- Installing: /ros2_ws/install/my_msgs/include/my_msgs/msg/my_message.hpp
[3.217s] -- Installing: /ros2_ws/install/my_msgs/include/my_msgs/msg/rosidl_generator_cpp__visibility_control.hpp
[3.217s] -- Up-to-date: /ros2_ws/install/my_msgs/include/my_msgs
[3.217s] -- Up-to-date: /ros2_ws/install/my_msgs/include/my_msgs/msg
[3.217s] -- Up-to-date: /ros2_ws/install/my_msgs/include/my_msgs/msg/detail
[3.217s] -- Installing: /ros2_ws/install/my_msgs/include/my_msgs/msg/detail/my_message__rosidl_typesupport_introspection_cpp.hpp
[3.217s] -- Installing: /ros2_ws/install/my_msgs/include/my_msgs/msg/detail/my_message__type_support.cpp
[3.217s] -- Installing: /ros2_ws/install/my_msgs/lib/libmy_msgs__rosidl_typesupport_introspection_cpp.so
[3.218s] -- Set runtime path of "/ros2_ws/install/my_msgs/lib/libmy_msgs__rosidl_typesupport_introspection_cpp.so" to ""
[3.218s] -- Installing: /ros2_ws/install/my_msgs/lib/libmy_msgs__rosidl_typesupport_cpp.so
[3.218s] -- Set runtime path of "/ros2_ws/install/my_msgs/lib/libmy_msgs__rosidl_typesupport_cpp.so" to ""
[3.218s] -- Installing: /ros2_ws/install/my_msgs/share/my_msgs/environment/pythonpath.sh
[3.218s] -- Installing: /ros2_ws/install/my_msgs/share/my_msgs/environment/pythonpath.dsv
[3.218s] -- Installing: /ros2_ws/install/my_msgs/lib/python3.8/site-packages/my_msgs/__init__.py
[3.241s] Compiling '/ros2_ws/install/my_msgs/lib/python3.8/site-packages/my_msgs/__init__.py'...
[3.244s] -- Installing: /ros2_ws/install/my_msgs/lib/python3.8/site-packages/my_msgs/msg
[3.244s] -- Installing: /ros2_ws/install/my_msgs/lib/python3.8/site-packages/my_msgs/msg/__init__.py
[3.244s] -- Installing: /ros2_ws/install/my_msgs/lib/python3.8/site-packages/my_msgs/msg/_my_message_s.c
[3.245s] -- Installing: /ros2_ws/install/my_msgs/lib/python3.8/site-packages/my_msgs/msg/_my_message.py
[3.245s] -- Installing: /ros2_ws/install/my_msgs/lib/python3.8/site-packages/my_msgs/my_msgs_s__rosidl_typesupport_fastrtps_c.cpython-38-aarch64-linux-gnu.so
[3.245s] -- Set runtime path of "/ros2_ws/install/my_msgs/lib/python3.8/site-packages/my_msgs/my_msgs_s__rosidl_typesupport_fastrtps_c.cpython-38-aarch64-linux-gnu.so" to ""
[3.245s] -- Installing: /ros2_ws/install/my_msgs/lib/python3.8/site-packages/my_msgs/my_msgs_s__rosidl_typesupport_introspection_c.cpython-38-aarch64-linux-gnu.so
[3.246s] -- Set runtime path of "/ros2_ws/install/my_msgs/lib/python3.8/site-packages/my_msgs/my_msgs_s__rosidl_typesupport_introspection_c.cpython-38-aarch64-linux-gnu.so" to ""
[3.246s] -- Installing: /ros2_ws/install/my_msgs/lib/python3.8/site-packages/my_msgs/my_msgs_s__rosidl_typesupport_c.cpython-38-aarch64-linux-gnu.so
[3.246s] -- Set runtime path of "/ros2_ws/install/my_msgs/lib/python3.8/site-packages/my_msgs/my_msgs_s__rosidl_typesupport_c.cpython-38-aarch64-linux-gnu.so" to ""
[3.246s] -- Installing: /ros2_ws/install/my_msgs/lib/libmy_msgs__python.so
[3.247s] -- Set runtime path of "/ros2_ws/install/my_msgs/lib/libmy_msgs__python.so" to ""
[3.247s] -- Installing: /ros2_ws/install/my_msgs/share/my_msgs/msg/MyMessage.idl
[3.247s] -- Installing: /ros2_ws/install/my_msgs/share/my_msgs/msgs/MyMessage.msg
[3.247s] -- Installing: /ros2_ws/install/my_msgs/share/ament_index/resource_index/package_run_dependencies/my_msgs
[3.247s] -- Installing: /ros2_ws/install/my_msgs/share/ament_index/resource_index/parent_prefix_path/my_msgs
[3.247s] -- Installing: /ros2_ws/install/my_msgs/share/my_msgs/environment/ament_prefix_path.sh
[3.247s] -- Installing: /ros2_ws/install/my_msgs/share/my_msgs/environment/ament_prefix_path.dsv
[3.248s] -- Installing: /ros2_ws/install/my_msgs/share/my_msgs/environment/path.sh
[3.248s] -- Installing: /ros2_ws/install/my_msgs/share/my_msgs/environment/path.dsv
[3.248s] -- Installing: /ros2_ws/install/my_msgs/share/my_msgs/local_setup.bash
[3.248s] -- Installing: /ros2_ws/install/my_msgs/share/my_msgs/local_setup.sh
[3.248s] -- Installing: /ros2_ws/install/my_msgs/share/my_msgs/local_setup.zsh
[3.248s] -- Installing: /ros2_ws/install/my_msgs/share/my_msgs/local_setup.dsv
[3.248s] -- Installing: /ros2_ws/install/my_msgs/share/my_msgs/package.dsv
[3.248s] -- Installing: /ros2_ws/install/my_msgs/share/ament_index/resource_index/packages/my_msgs
[3.248s] -- Installing: /ros2_ws/install/my_msgs/share/my_msgs/cmake/my_msgs__rosidl_generator_cExport.cmake
[3.249s] -- Installing: /ros2_ws/install/my_msgs/share/my_msgs/cmake/my_msgs__rosidl_generator_cExport-noconfig.cmake
[3.249s] -- Installing: /ros2_ws/install/my_msgs/share/my_msgs/cmake/my_msgs__rosidl_typesupport_introspection_cExport.cmake
[3.249s] -- Installing: /ros2_ws/install/my_msgs/share/my_msgs/cmake/my_msgs__rosidl_typesupport_introspection_cExport-noconfig.cmake
[3.249s] -- Installing: /ros2_ws/install/my_msgs/share/my_msgs/cmake/my_msgs__rosidl_typesupport_cExport.cmake
[3.249s] -- Installing: /ros2_ws/install/my_msgs/share/my_msgs/cmake/my_msgs__rosidl_typesupport_cExport-noconfig.cmake
[3.249s] -- Installing: /ros2_ws/install/my_msgs/share/my_msgs/cmake/my_msgs__rosidl_generator_cppExport.cmake
[3.250s] -- Installing: /ros2_ws/install/my_msgs/share/my_msgs/cmake/my_msgs__rosidl_typesupport_introspection_cppExport.cmake
[3.250s] -- Installing: /ros2_ws/install/my_msgs/share/my_msgs/cmake/my_msgs__rosidl_typesupport_introspection_cppExport-noconfig.cmake
[3.250s] -- Installing: /ros2_ws/install/my_msgs/share/my_msgs/cmake/my_msgs__rosidl_typesupport_cppExport.cmake
[3.250s] -- Installing: /ros2_ws/install/my_msgs/share/my_msgs/cmake/my_msgs__rosidl_typesupport_cppExport-noconfig.cmake
[3.250s] -- Installing: /ros2_ws/install/my_msgs/share/my_msgs/cmake/rosidl_cmake-extras.cmake
[3.250s] -- Installing: /ros2_ws/install/my_msgs/share/my_msgs/cmake/ament_cmake_export_dependencies-extras.cmake
[3.250s] -- Installing: /ros2_ws/install/my_msgs/share/my_msgs/cmake/ament_cmake_export_libraries-extras.cmake
[3.250s] -- Installing: /ros2_ws/install/my_msgs/share/my_msgs/cmake/ament_cmake_export_targets-extras.cmake
[3.251s] -- Installing: /ros2_ws/install/my_msgs/share/my_msgs/cmake/ament_cmake_export_include_directories-extras.cmake
[3.251s] -- Installing: /ros2_ws/install/my_msgs/share/my_msgs/cmake/rosidl_cmake_export_typesupport_libraries-extras.cmake
[3.251s] -- Installing: /ros2_ws/install/my_msgs/share/my_msgs/cmake/rosidl_cmake_export_typesupport_targets-extras.cmake
[3.251s] -- Installing: /ros2_ws/install/my_msgs/share/my_msgs/cmake/my_msgsConfig.cmake
[3.251s] -- Installing: /ros2_ws/install/my_msgs/share/my_msgs/cmake/my_msgsConfig-version.cmake
[3.251s] -- Installing: /ros2_ws/install/my_msgs/share/my_msgs/package.xml
[3.254s] Invoked command in '/ros2_ws/build/my_msgs' returned '0': CMAKE_PREFIX_PATH=${CMAKE_PREFIX_PATH}:/opt/ros/foxy /usr/bin/cmake --install /ros2_ws/build/my_msgs
