[0.444s] Invoking command in '/ros2_ws/src/my_package': PYTHONPATH=/ros2_ws/build/my_package/prefix_override:/ros2_ws/install/my_package/lib/python3.8/site-packages:${PYTHONPATH} /usr/bin/python3 setup.py egg_info --egg-base ../../build/my_package build --build-base /ros2_ws/build/my_package/build install --record /ros2_ws/build/my_package/install.log --install-scripts $base/lib/my_package --single-version-externally-managed
[0.553s] running egg_info
[0.553s] creating ../../build/my_package/my_package.egg-info
[0.553s] writing ../../build/my_package/my_package.egg-info/PKG-INFO
[0.553s] writing dependency_links to ../../build/my_package/my_package.egg-info/dependency_links.txt
[0.554s] writing entry points to ../../build/my_package/my_package.egg-info/entry_points.txt
[0.554s] writing requirements to ../../build/my_package/my_package.egg-info/requires.txt
[0.554s] writing top-level names to ../../build/my_package/my_package.egg-info/top_level.txt
[0.557s] writing manifest file '../../build/my_package/my_package.egg-info/SOURCES.txt'
[0.583s] reading manifest file '../../build/my_package/my_package.egg-info/SOURCES.txt'
[0.584s] writing manifest file '../../build/my_package/my_package.egg-info/SOURCES.txt'
[0.584s] running build
[0.584s] running build_py
[0.584s] creating /ros2_ws/build/my_package/build
[0.584s] creating /ros2_ws/build/my_package/build/lib
[0.584s] creating /ros2_ws/build/my_package/build/lib/my_package
[0.584s] copying my_package/__init__.py -> /ros2_ws/build/my_package/build/lib/my_package
[0.584s] copying my_package/minimal_pubsub.py -> /ros2_ws/build/my_package/build/lib/my_package
[0.584s] copying my_package/minimal_publisher.py -> /ros2_ws/build/my_package/build/lib/my_package
[0.585s] copying my_package/minimal_subscriber.py -> /ros2_ws/build/my_package/build/lib/my_package
[0.585s] running install
[0.585s] running install_lib
[0.586s] creating /ros2_ws/install/my_package/lib/python3.8/site-packages/my_package
[0.586s] copying /ros2_ws/build/my_package/build/lib/my_package/__init__.py -> /ros2_ws/install/my_package/lib/python3.8/site-packages/my_package
[0.586s] copying /ros2_ws/build/my_package/build/lib/my_package/minimal_pubsub.py -> /ros2_ws/install/my_package/lib/python3.8/site-packages/my_package
[0.586s] copying /ros2_ws/build/my_package/build/lib/my_package/minimal_publisher.py -> /ros2_ws/install/my_package/lib/python3.8/site-packages/my_package
[0.586s] copying /ros2_ws/build/my_package/build/lib/my_package/minimal_subscriber.py -> /ros2_ws/install/my_package/lib/python3.8/site-packages/my_package
[0.586s] byte-compiling /ros2_ws/install/my_package/lib/python3.8/site-packages/my_package/__init__.py to __init__.cpython-38.pyc
[0.587s] byte-compiling /ros2_ws/install/my_package/lib/python3.8/site-packages/my_package/minimal_pubsub.py to minimal_pubsub.cpython-38.pyc
[0.587s] byte-compiling /ros2_ws/install/my_package/lib/python3.8/site-packages/my_package/minimal_publisher.py to minimal_publisher.cpython-38.pyc
[0.588s]   File "/ros2_ws/install/my_package/lib/python3.8/site-packages/my_package/minimal_pubsub.py", line 27
[0.588s]     published_topic = <topic_name>
[0.588s]                       ^
[0.588s] SyntaxError: invalid syntax
[0.588s] 
[0.588s]   File "/ros2_ws/install/my_package/lib/python3.8/site-packages/my_package/minimal_publisher.py", line 14
[0.588s]     timer_period = <period>  # seconds
[0.588s]                    ^
[0.588s] SyntaxError: invalid syntax
[0.589s] 
[0.589s] byte-compiling /ros2_ws/install/my_package/lib/python3.8/site-packages/my_package/minimal_subscriber.py to minimal_subscriber.cpython-38.pyc
[0.589s] running install_data
[0.589s] creating /ros2_ws/install/my_package/share/ament_index
[0.589s] creating /ros2_ws/install/my_package/share/ament_index/resource_index
[0.589s] creating /ros2_ws/install/my_package/share/ament_index/resource_index/packages
[0.589s] copying resource/my_package -> /ros2_ws/install/my_package/share/ament_index/resource_index/packages
[0.589s] copying package.xml -> /ros2_ws/install/my_package/share/my_package
[0.589s] running install_egg_info
[0.590s] Copying ../../build/my_package/my_package.egg-info to /ros2_ws/install/my_package/lib/python3.8/site-packages/my_package-0.0.0-py3.8.egg-info
[0.590s] running install_scripts
[0.604s] Installing my_node script to /ros2_ws/install/my_package/lib/my_package
[0.604s] writing list of installed files to '/ros2_ws/build/my_package/install.log'
[0.620s] Invoked command in '/ros2_ws/src/my_package' returned '0': PYTHONPATH=/ros2_ws/build/my_package/prefix_override:/ros2_ws/install/my_package/lib/python3.8/site-packages:${PYTHONPATH} /usr/bin/python3 setup.py egg_info --egg-base ../../build/my_package build --build-base /ros2_ws/build/my_package/build install --record /ros2_ws/build/my_package/install.log --install-scripts $base/lib/my_package --single-version-externally-managed
