[0.348s] Invoking command in '/ros2_ws/src/my_bringup': PYTHONPATH=/ros2_ws/build/my_bringup/prefix_override:/ros2_ws/install/my_bringup/lib/python3.8/site-packages:/ros2_ws/install/my_package/lib/python3.8/site-packages:/ros2_ws/install/my_bringup/lib/python3.8/site-packages:/ros2_ws/install/my_msgs/lib/python3.8/site-packages:/opt/ros/foxy/lib/python3.8/site-packages /usr/bin/python3 setup.py egg_info --egg-base ../../build/my_bringup build --build-base /ros2_ws/build/my_bringup/build install --record /ros2_ws/build/my_bringup/install.log --install-scripts $base/lib/my_bringup --single-version-externally-managed
[0.459s] running egg_info
[0.459s] writing ../../build/my_bringup/my_bringup.egg-info/PKG-INFO
[0.460s] writing dependency_links to ../../build/my_bringup/my_bringup.egg-info/dependency_links.txt
[0.460s] writing entry points to ../../build/my_bringup/my_bringup.egg-info/entry_points.txt
[0.460s] writing requirements to ../../build/my_bringup/my_bringup.egg-info/requires.txt
[0.460s] writing top-level names to ../../build/my_bringup/my_bringup.egg-info/top_level.txt
[0.487s] reading manifest file '../../build/my_bringup/my_bringup.egg-info/SOURCES.txt'
[0.488s] writing manifest file '../../build/my_bringup/my_bringup.egg-info/SOURCES.txt'
[0.488s] running build
[0.488s] running build_py
[0.488s] running install
[0.488s] running install_lib
[0.489s] running install_data
[0.490s] running install_egg_info
[0.491s] removing '/ros2_ws/install/my_bringup/lib/python3.8/site-packages/my_bringup-0.0.0-py3.8.egg-info' (and everything under it)
[0.491s] Copying ../../build/my_bringup/my_bringup.egg-info to /ros2_ws/install/my_bringup/lib/python3.8/site-packages/my_bringup-0.0.0-py3.8.egg-info
[0.492s] running install_scripts
[0.504s] writing list of installed files to '/ros2_ws/build/my_bringup/install.log'
[0.520s] Invoked command in '/ros2_ws/src/my_bringup' returned '0': PYTHONPATH=/ros2_ws/build/my_bringup/prefix_override:/ros2_ws/install/my_bringup/lib/python3.8/site-packages:/ros2_ws/install/my_package/lib/python3.8/site-packages:/ros2_ws/install/my_bringup/lib/python3.8/site-packages:/ros2_ws/install/my_msgs/lib/python3.8/site-packages:/opt/ros/foxy/lib/python3.8/site-packages /usr/bin/python3 setup.py egg_info --egg-base ../../build/my_bringup build --build-base /ros2_ws/build/my_bringup/build install --record /ros2_ws/build/my_bringup/install.log --install-scripts $base/lib/my_bringup --single-version-externally-managed
